TN:
SF:src/controllers/analytics.controller.ts
FN:13,(anonymous_9)
FN:47,(anonymous_10)
FN:88,(anonymous_11)
FN:122,(anonymous_12)
FN:145,(anonymous_13)
FN:159,(anonymous_14)
FN:179,(anonymous_15)
FN:196,(anonymous_16)
FNF:8
FNH:0
FNDA:0,(anonymous_9)
FNDA:0,(anonymous_10)
FNDA:0,(anonymous_11)
FNDA:0,(anonymous_12)
FNDA:0,(anonymous_13)
FNDA:0,(anonymous_14)
FNDA:0,(anonymous_15)
FNDA:0,(anonymous_16)
DA:2,0
DA:8,0
DA:14,0
DA:15,0
DA:16,0
DA:19,0
DA:20,0
DA:21,0
DA:25,0
DA:28,0
DA:30,0
DA:35,0
DA:36,0
DA:48,0
DA:49,0
DA:50,0
DA:51,0
DA:53,0
DA:54,0
DA:58,0
DA:61,0
DA:62,0
DA:66,0
DA:69,0
DA:71,0
DA:76,0
DA:77,0
DA:89,0
DA:90,0
DA:91,0
DA:94,0
DA:95,0
DA:96,0
DA:100,0
DA:103,0
DA:105,0
DA:110,0
DA:111,0
DA:123,0
DA:124,0
DA:126,0
DA:128,0
DA:133,0
DA:134,0
DA:146,0
DA:147,0
DA:148,0
DA:150,0
DA:151,0
DA:155,0
DA:159,0
DA:160,0
DA:162,0
DA:167,0
DA:168,0
DA:180,0
DA:181,0
DA:182,0
DA:183,0
DA:184,0
DA:187,0
DA:188,0
DA:192,0
DA:196,0
DA:197,0
DA:199,0
DA:204,0
DA:205,0
LF:68
LH:0
BRDA:16,0,0,0
BRDA:16,0,1,0
BRDA:20,1,0,0
BRDA:20,1,1,0
BRDA:51,2,0,0
BRDA:51,2,1,0
BRDA:53,3,0,0
BRDA:53,3,1,0
BRDA:61,4,0,0
BRDA:61,4,1,0
BRDA:61,5,0,0
BRDA:61,5,1,0
BRDA:91,6,0,0
BRDA:91,6,1,0
BRDA:95,7,0,0
BRDA:95,7,1,0
BRDA:148,8,0,0
BRDA:148,8,1,0
BRDA:150,9,0,0
BRDA:150,9,1,0
BRDA:150,10,0,0
BRDA:150,10,1,0
BRDA:187,11,0,0
BRDA:187,11,1,0
BRDA:187,12,0,0
BRDA:187,12,1,0
BRF:26
BRH:0
end_of_record
TN:
SF:src/controllers/auth.controller.ts
FN:15,(anonymous_0)
FN:55,(anonymous_1)
FN:92,(anonymous_2)
FNF:3
FNH:0
FNDA:0,(anonymous_0)
FNDA:0,(anonymous_1)
FNDA:0,(anonymous_2)
DA:2,0
DA:4,0
DA:9,0
DA:16,0
DA:18,0
DA:19,0
DA:20,0
DA:21,0
DA:25,0
DA:34,0
DA:37,0
DA:40,0
DA:41,0
DA:42,0
DA:46,0
DA:56,0
DA:58,0
DA:59,0
DA:60,0
DA:61,0
DA:65,0
DA:71,0
DA:74,0
DA:77,0
DA:78,0
DA:79,0
DA:83,0
DA:93,0
DA:95,0
DA:97,0
DA:98,0
DA:99,0
DA:103,0
DA:106,0
DA:109,0
DA:110,0
DA:111,0
DA:115,0
DA:121,0
LF:39
LH:0
BRDA:19,0,0,0
BRDA:19,0,1,0
BRDA:40,1,0,0
BRDA:40,1,1,0
BRDA:46,2,0,0
BRDA:46,2,1,0
BRDA:59,3,0,0
BRDA:59,3,1,0
BRDA:77,4,0,0
BRDA:77,4,1,0
BRDA:97,5,0,0
BRDA:97,5,1,0
BRDA:109,6,0,0
BRDA:109,6,1,0
BRF:14
BRH:0
end_of_record
TN:
SF:src/controllers/cache.controller.ts
FN:13,(anonymous_1)
FN:38,(anonymous_2)
FN:69,(anonymous_3)
FN:109,(anonymous_4)
FN:149,(anonymous_5)
FNF:5
FNH:0
FNDA:0,(anonymous_1)
FNDA:0,(anonymous_2)
FNDA:0,(anonymous_3)
FNDA:0,(anonymous_4)
FNDA:0,(anonymous_5)
DA:2,0
DA:8,0
DA:14,0
DA:15,0
DA:17,0
DA:26,0
DA:27,0
DA:39,0
DA:40,0
DA:42,0
DA:43,0
DA:47,0
DA:50,0
DA:52,0
DA:57,0
DA:58,0
DA:70,0
DA:71,0
DA:73,0
DA:74,0
DA:78,0
DA:82,0
DA:83,0
DA:87,0
DA:90,0
DA:92,0
DA:97,0
DA:98,0
DA:110,0
DA:111,0
DA:113,0
DA:114,0
DA:118,0
DA:122,0
DA:123,0
DA:127,0
DA:130,0
DA:132,0
DA:137,0
DA:138,0
DA:150,0
DA:151,0
DA:153,0
DA:158,0
DA:159,0
LF:45
LH:0
BRDA:42,0,0,0
BRDA:42,0,1,0
BRDA:73,1,0,0
BRDA:73,1,1,0
BRDA:82,2,0,0
BRDA:82,2,1,0
BRDA:82,3,0,0
BRDA:82,3,1,0
BRDA:113,4,0,0
BRDA:113,4,1,0
BRDA:122,5,0,0
BRDA:122,5,1,0
BRDA:122,6,0,0
BRDA:122,6,1,0
BRF:14
BRH:0
end_of_record
TN:
SF:src/controllers/category.controller.ts
FN:13,(anonymous_0)
FN:27,(anonymous_1)
FN:49,(anonymous_2)
FN:76,(anonymous_3)
FN:111,(anonymous_4)
FN:152,(anonymous_5)
FNF:6
FNH:0
FNDA:0,(anonymous_0)
FNDA:0,(anonymous_1)
FNDA:0,(anonymous_2)
FNDA:0,(anonymous_3)
FNDA:0,(anonymous_4)
FNDA:0,(anonymous_5)
DA:2,0
DA:8,0
DA:14,0
DA:15,0
DA:16,0
DA:18,0
DA:19,0
DA:28,0
DA:29,0
DA:32,0
DA:33,0
DA:34,0
DA:37,0
DA:38,0
DA:40,0
DA:41,0
DA:50,0
DA:51,0
DA:53,0
DA:54,0
DA:55,0
DA:58,0
DA:60,0
DA:61,0
DA:62,0
DA:65,0
DA:67,0
DA:68,0
DA:77,0
DA:78,0
DA:81,0
DA:82,0
DA:83,0
DA:87,0
DA:88,0
DA:89,0
DA:92,0
DA:99,0
DA:100,0
DA:102,0
DA:103,0
DA:112,0
DA:113,0
DA:115,0
DA:116,0
DA:117,0
DA:120,0
DA:123,0
DA:124,0
DA:125,0
DA:128,0
DA:130,0
DA:131,0
DA:132,0
DA:134,0
DA:136,0
DA:137,0
DA:138,0
DA:141,0
DA:143,0
DA:144,0
DA:153,0
DA:154,0
DA:156,0
DA:157,0
DA:158,0
DA:161,0
DA:163,0
DA:164,0
DA:165,0
DA:168,0
DA:170,0
DA:171,0
LF:73
LH:0
BRDA:32,0,0,0
BRDA:32,0,1,0
BRDA:32,1,0,0
BRDA:32,1,1,0
BRDA:53,2,0,0
BRDA:53,2,1,0
BRDA:60,3,0,0
BRDA:60,3,1,0
BRDA:81,4,0,0
BRDA:81,4,1,0
BRDA:81,5,0,0
BRDA:81,5,1,0
BRDA:87,6,0,0
BRDA:87,6,1,0
BRDA:87,7,0,0
BRDA:87,7,1,0
BRDA:95,8,0,0
BRDA:95,8,1,0
BRDA:96,9,0,0
BRDA:96,9,1,0
BRDA:115,10,0,0
BRDA:115,10,1,0
BRDA:123,11,0,0
BRDA:123,11,1,0
BRDA:123,12,0,0
BRDA:123,12,1,0
BRDA:123,12,2,0
BRDA:130,13,0,0
BRDA:130,13,1,0
BRDA:131,14,0,0
BRDA:131,14,1,0
BRDA:132,15,0,0
BRDA:132,15,1,0
BRDA:136,16,0,0
BRDA:136,16,1,0
BRDA:156,17,0,0
BRDA:156,17,1,0
BRDA:163,18,0,0
BRDA:163,18,1,0
BRF:39
BRH:0
end_of_record
TN:
SF:src/controllers/transaction.controller.ts
FN:17,(anonymous_0)
FN:61,(anonymous_1)
FN:101,(anonymous_2)
FN:149,(anonymous_3)
FN:206,(anonymous_4)
FNF:5
FNH:0
FNDA:0,(anonymous_0)
FNDA:0,(anonymous_1)
FNDA:0,(anonymous_2)
FNDA:0,(anonymous_3)
FNDA:0,(anonymous_4)
DA:2,0
DA:8,0
DA:18,0
DA:19,0
DA:22,0
DA:36,0
DA:38,0
DA:49,0
DA:50,0
DA:62,0
DA:63,0
DA:64,0
DA:66,0
DA:67,0
DA:71,0
DA:74,0
DA:76,0
DA:77,0
DA:81,0
DA:84,0
DA:89,0
DA:90,0
DA:102,0
DA:103,0
DA:104,0
DA:113,0
DA:114,0
DA:118,0
DA:122,0
DA:123,0
DA:127,0
DA:130,0
DA:132,0
DA:137,0
DA:138,0
DA:150,0
DA:151,0
DA:152,0
DA:154,0
DA:155,0
DA:159,0
DA:162,0
DA:171,0
DA:172,0
DA:176,0
DA:179,0
DA:181,0
DA:182,0
DA:186,0
DA:189,0
DA:194,0
DA:195,0
DA:207,0
DA:208,0
DA:209,0
DA:211,0
DA:212,0
DA:216,0
DA:219,0
DA:221,0
DA:222,0
DA:226,0
DA:229,0
DA:234,0
DA:235,0
DA:243,0
LF:66
LH:0
BRDA:26,0,0,0
BRDA:26,0,1,0
BRDA:27,1,0,0
BRDA:27,1,1,0
BRDA:28,2,0,0
BRDA:28,2,1,0
BRDA:30,3,0,0
BRDA:30,3,1,0
BRDA:31,4,0,0
BRDA:31,4,1,0
BRDA:43,5,0,0
BRDA:43,5,1,0
BRDA:44,6,0,0
BRDA:44,6,1,0
BRDA:45,7,0,0
BRDA:45,7,1,0
BRDA:66,8,0,0
BRDA:66,8,1,0
BRDA:76,9,0,0
BRDA:76,9,1,0
BRDA:113,10,0,0
BRDA:113,10,1,0
BRDA:113,11,0,0
BRDA:113,11,1,0
BRDA:113,11,2,0
BRDA:122,12,0,0
BRDA:122,12,1,0
BRDA:122,13,0,0
BRDA:122,13,1,0
BRDA:154,14,0,0
BRDA:154,14,1,0
BRDA:171,15,0,0
BRDA:171,15,1,0
BRDA:171,16,0,0
BRDA:171,16,1,0
BRDA:171,16,2,0
BRDA:181,17,0,0
BRDA:181,17,1,0
BRDA:211,18,0,0
BRDA:211,18,1,0
BRDA:221,19,0,0
BRDA:221,19,1,0
BRF:42
BRH:0
end_of_record
TN:
SF:src/controllers/user.controller.ts
FN:15,(anonymous_1)
FN:23,(anonymous_2)
FN:44,(anonymous_3)
FN:68,(anonymous_4)
FN:127,(anonymous_5)
FNF:5
FNH:0
FNDA:0,(anonymous_1)
FNDA:0,(anonymous_2)
FNDA:0,(anonymous_3)
FNDA:0,(anonymous_4)
FNDA:0,(anonymous_5)
DA:2,0
DA:3,0
DA:4,0
DA:9,0
DA:16,0
DA:18,0
DA:23,0
DA:32,0
DA:34,0
DA:35,0
DA:45,0
DA:46,0
DA:49,0
DA:51,0
DA:52,0
DA:53,0
DA:56,0
DA:58,0
DA:59,0
DA:69,0
DA:71,0
DA:72,0
DA:73,0
DA:74,0
DA:77,0
DA:80,0
DA:81,0
DA:82,0
DA:83,0
DA:87,0
DA:90,0
DA:91,0
DA:94,0
DA:95,0
DA:99,0
DA:108,0
DA:117,0
DA:118,0
DA:128,0
DA:129,0
DA:132,0
DA:133,0
DA:134,0
DA:135,0
DA:139,0
DA:141,0
DA:143,0
DA:144,0
DA:150,0
LF:49
LH:0
BRDA:51,0,0,0
BRDA:51,0,1,0
BRDA:72,1,0,0
BRDA:72,1,1,0
BRDA:81,2,0,0
BRDA:81,2,1,0
BRDA:90,3,0,0
BRDA:90,3,1,0
BRDA:91,4,0,0
BRDA:91,4,1,0
BRDA:94,5,0,0
BRDA:94,5,1,0
BRDA:94,6,0,0
BRDA:94,6,1,0
BRDA:133,7,0,0
BRDA:133,7,1,0
BRF:16
BRH:0
end_of_record
TN:
SF:src/db/index.ts
FN:17,(anonymous_1)
FN:21,(anonymous_2)
FNF:2
FNH:0
FNDA:0,(anonymous_1)
FNDA:0,(anonymous_2)
DA:1,0
DA:2,0
DA:5,0
DA:17,0
DA:18,0
DA:21,0
DA:22,0
DA:23,0
DA:26,0
LF:9
LH:0
BRF:0
BRH:0
end_of_record
TN:
SF:src/middleware/auth.middleware.ts
FN:25,(anonymous_1)
FN:51,(anonymous_2)
FN:52,(anonymous_3)
FN:79,(anonymous_4)
FN:89,(anonymous_5)
FN:113,(anonymous_6)
FN:134,(anonymous_7)
FNF:7
FNH:6
FNDA:3,(anonymous_1)
FNDA:4,(anonymous_2)
FNDA:4,(anonymous_3)
FNDA:0,(anonymous_4)
FNDA:4,(anonymous_5)
FNDA:4,(anonymous_6)
FNDA:3,(anonymous_7)
DA:2,1
DA:3,1
DA:25,1
DA:26,3
DA:27,3
DA:29,3
DA:30,1
DA:33,2
DA:34,2
DA:35,1
DA:36,1
DA:38,1
DA:51,1
DA:52,4
DA:53,4
DA:54,1
DA:58,3
DA:59,1
DA:62,2
DA:63,1
DA:70,1
DA:79,1
DA:80,0
DA:89,1
DA:90,4
DA:91,1
DA:95,3
DA:96,1
DA:100,2
DA:102,2
DA:103,1
DA:106,1
DA:113,1
DA:114,4
DA:115,1
DA:119,3
DA:120,1
DA:127,2
DA:134,1
DA:135,3
DA:136,1
DA:139,2
DA:140,1
DA:146,1
LF:44
LH:43
BRDA:27,0,0,3
BRDA:27,0,1,2
BRDA:29,1,0,1
BRDA:29,1,1,2
BRDA:53,2,0,1
BRDA:53,2,1,3
BRDA:58,3,0,1
BRDA:58,3,1,2
BRDA:62,4,0,1
BRDA:62,4,1,1
BRDA:79,5,0,0
BRDA:90,6,0,1
BRDA:90,6,1,3
BRDA:95,7,0,1
BRDA:95,7,1,2
BRDA:100,8,0,2
BRDA:100,8,1,0
BRDA:102,9,0,1
BRDA:102,9,1,1
BRDA:102,10,0,2
BRDA:102,10,1,2
BRDA:114,11,0,1
BRDA:114,11,1,3
BRDA:119,12,0,1
BRDA:119,12,1,2
BRDA:119,13,0,3
BRDA:119,13,1,2
BRDA:135,14,0,1
BRDA:135,14,1,2
BRDA:139,15,0,1
BRDA:139,15,1,1
BRF:31
BRH:29
end_of_record
TN:
SF:src/middleware/performance.middleware.ts
FN:18,(anonymous_1)
FN:30,(anonymous_2)
FN:31,(anonymous_3)
FN:43,(anonymous_4)
FN:63,(anonymous_5)
FN:89,(anonymous_6)
FN:92,(anonymous_7)
FN:106,(anonymous_8)
FNF:8
FNH:0
FNDA:0,(anonymous_1)
FNDA:0,(anonymous_2)
FNDA:0,(anonymous_3)
FNDA:0,(anonymous_4)
FNDA:0,(anonymous_5)
FNDA:0,(anonymous_6)
FNDA:0,(anonymous_7)
FNDA:0,(anonymous_8)
DA:2,0
DA:10,0
DA:20,0
DA:21,0
DA:25,0
DA:30,0
DA:31,0
DA:32,0
DA:33,0
DA:38,0
DA:43,0
DA:44,0
DA:50,0
DA:54,0
DA:57,0
DA:60,0
DA:63,0
DA:65,0
DA:66,0
DA:68,0
DA:69,0
DA:73,0
DA:74,0
DA:76,0
DA:77,0
DA:78,0
DA:80,0
DA:81,0
DA:85,0
DA:89,0
DA:90,0
DA:92,0
DA:93,0
DA:94,0
DA:97,0
DA:98,0
DA:102,0
DA:106,0
DA:107,0
DA:114,0
LF:40
LH:0
BRDA:20,0,0,0
BRDA:20,0,1,0
BRDA:20,1,0,0
BRDA:20,1,1,0
BRDA:30,2,0,0
BRDA:30,3,0,0
BRDA:32,4,0,0
BRDA:32,4,1,0
BRDA:68,5,0,0
BRDA:68,5,1,0
BRDA:68,6,0,0
BRDA:68,6,1,0
BRDA:68,6,2,0
BRDA:76,7,0,0
BRDA:76,7,1,0
BRDA:76,8,0,0
BRDA:76,8,1,0
BRDA:80,9,0,0
BRDA:80,9,1,0
BRDA:97,10,0,0
BRDA:97,10,1,0
BRF:21
BRH:0
end_of_record
TN:
SF:src/middleware/validation.middleware.ts
FN:7,(anonymous_0)
FNF:1
FNH:0
FNDA:0,(anonymous_0)
DA:2,0
DA:7,0
DA:8,0
DA:10,0
DA:11,0
DA:18,0
LF:6
LH:0
BRDA:10,0,0,0
BRDA:10,0,1,0
BRF:2
BRH:0
end_of_record
TN:
SF:src/repositories/category.repository.ts
FN:12,(anonymous_1)
FN:23,(anonymous_2)
FN:34,(anonymous_3)
FN:45,(anonymous_4)
FN:62,(anonymous_5)
FN:107,(anonymous_6)
FNF:6
FNH:0
FNDA:0,(anonymous_1)
FNDA:0,(anonymous_2)
FNDA:0,(anonymous_3)
FNDA:0,(anonymous_4)
FNDA:0,(anonymous_5)
FNDA:0,(anonymous_6)
DA:1,0
DA:7,0
DA:13,0
DA:14,0
DA:15,0
DA:24,0
DA:25,0
DA:26,0
DA:35,0
DA:36,0
DA:37,0
DA:46,0
DA:51,0
DA:52,0
DA:53,0
DA:64,0
DA:65,0
DA:66,0
DA:68,0
DA:69,0
DA:70,0
DA:73,0
DA:74,0
DA:75,0
DA:78,0
DA:79,0
DA:80,0
DA:84,0
DA:85,0
DA:89,0
DA:91,0
DA:98,0
DA:99,0
DA:108,0
DA:109,0
DA:110,0
LF:36
LH:0
BRDA:37,0,0,0
BRDA:37,0,1,0
BRDA:68,1,0,0
BRDA:68,1,1,0
BRDA:73,2,0,0
BRDA:73,2,1,0
BRDA:78,3,0,0
BRDA:78,3,1,0
BRDA:84,4,0,0
BRDA:84,4,1,0
BRDA:99,5,0,0
BRDA:99,5,1,0
BRDA:110,6,0,0
BRDA:110,6,1,0
BRF:14
BRH:0
end_of_record
TN:
SF:src/repositories/optimized-transaction.repository.ts
FN:18,(anonymous_1)
FN:119,(anonymous_2)
FN:137,(anonymous_3)
FN:235,(anonymous_4)
FN:269,(anonymous_5)
FN:281,(anonymous_6)
FN:292,(anonymous_7)
FN:315,(anonymous_8)
FNF:8
FNH:0
FNDA:0,(anonymous_1)
FNDA:0,(anonymous_2)
FNDA:0,(anonymous_3)
FNDA:0,(anonymous_4)
FNDA:0,(anonymous_5)
FNDA:0,(anonymous_6)
FNDA:0,(anonymous_7)
FNDA:0,(anonymous_8)
DA:1,0
DA:13,0
DA:23,0
DA:24,0
DA:25,0
DA:28,0
DA:30,0
DA:31,0
DA:32,0
DA:33,0
DA:34,0
DA:35,0
DA:36,0
DA:37,0
DA:38,0
DA:39,0
DA:40,0
DA:43,0
DA:44,0
DA:45,0
DA:46,0
DA:49,0
DA:50,0
DA:51,0
DA:52,0
DA:55,0
DA:56,0
DA:57,0
DA:58,0
DA:61,0
DA:62,0
DA:63,0
DA:64,0
DA:68,0
DA:69,0
DA:70,0
DA:71,0
DA:74,0
DA:77,0
DA:83,0
DA:84,0
DA:87,0
DA:88,0
DA:89,0
DA:90,0
DA:93,0
DA:115,0
DA:116,0
DA:118,0
DA:119,0
DA:154,0
DA:155,0
DA:156,0
DA:158,0
DA:159,0
DA:160,0
DA:161,0
DA:162,0
DA:163,0
DA:164,0
DA:165,0
DA:166,0
DA:167,0
DA:168,0
DA:169,0
DA:172,0
DA:175,0
DA:216,0
DA:217,0
DA:219,0
DA:220,0
DA:222,0
DA:245,0
DA:267,0
DA:269,0
DA:285,0
DA:288,0
DA:289,0
DA:290,0
DA:292,0
DA:293,0
DA:296,0
DA:304,0
DA:307,0
DA:313,0
DA:315,0
LF:86
LH:0
BRDA:20,0,0,0
BRDA:28,1,0,0
BRDA:28,1,1,0
BRDA:28,2,0,0
BRDA:28,2,1,0
BRDA:33,3,0,0
BRDA:33,3,1,0
BRDA:37,4,0,0
BRDA:37,4,1,0
BRDA:43,5,0,0
BRDA:43,5,1,0
BRDA:49,6,0,0
BRDA:49,6,1,0
BRDA:55,7,0,0
BRDA:55,7,1,0
BRDA:61,8,0,0
BRDA:61,8,1,0
BRDA:68,9,0,0
BRDA:68,9,1,0
BRDA:74,10,0,0
BRDA:74,10,1,0
BRDA:87,11,0,0
BRDA:87,11,1,0
BRDA:88,12,0,0
BRDA:88,12,1,0
BRDA:89,13,0,0
BRDA:89,13,1,0
BRDA:90,14,0,0
BRDA:90,14,1,0
BRDA:158,15,0,0
BRDA:158,15,1,0
BRDA:158,16,0,0
BRDA:158,16,1,0
BRDA:162,17,0,0
BRDA:162,17,1,0
BRDA:166,18,0,0
BRDA:166,18,1,0
BRDA:172,19,0,0
BRDA:172,19,1,0
BRDA:219,20,0,0
BRDA:219,20,1,0
BRDA:220,21,0,0
BRDA:220,21,1,0
BRDA:226,22,0,0
BRDA:226,22,1,0
BRDA:227,23,0,0
BRDA:227,23,1,0
BRDA:228,24,0,0
BRDA:228,24,1,0
BRDA:237,25,0,0
BRDA:285,26,0,0
BRDA:285,26,1,0
BRF:52
BRH:0
end_of_record
TN:
SF:src/repositories/transaction.repository.ts
FN:19,(anonymous_1)
FN:94,(anonymous_2)
FN:115,(anonymous_3)
FN:150,(anonymous_4)
FN:189,(anonymous_5)
FN:268,(anonymous_6)
FN:281,(anonymous_7)
FN:338,(anonymous_8)
FN:391,(anonymous_9)
FN:407,(anonymous_10)
FN:446,(anonymous_11)
FNF:11
FNH:0
FNDA:0,(anonymous_1)
FNDA:0,(anonymous_2)
FNDA:0,(anonymous_3)
FNDA:0,(anonymous_4)
FNDA:0,(anonymous_5)
FNDA:0,(anonymous_6)
FNDA:0,(anonymous_7)
FNDA:0,(anonymous_8)
FNDA:0,(anonymous_9)
FNDA:0,(anonymous_10)
FNDA:0,(anonymous_11)
DA:1,0
DA:12,0
DA:24,0
DA:25,0
DA:26,0
DA:28,0
DA:29,0
DA:30,0
DA:33,0
DA:34,0
DA:35,0
DA:38,0
DA:39,0
DA:40,0
DA:43,0
DA:44,0
DA:45,0
DA:48,0
DA:49,0
DA:50,0
DA:53,0
DA:54,0
DA:55,0
DA:58,0
DA:59,0
DA:60,0
DA:63,0
DA:66,0
DA:71,0
DA:72,0
DA:75,0
DA:76,0
DA:77,0
DA:78,0
DA:81,0
DA:89,0
DA:91,0
DA:93,0
DA:94,0
DA:116,0
DA:123,0
DA:124,0
DA:126,0
DA:127,0
DA:130,0
DA:131,0
DA:151,0
DA:157,0
DA:166,0
DA:167,0
DA:169,0
DA:195,0
DA:196,0
DA:197,0
DA:199,0
DA:200,0
DA:201,0
DA:204,0
DA:205,0
DA:206,0
DA:209,0
DA:210,0
DA:211,0
DA:214,0
DA:215,0
DA:216,0
DA:219,0
DA:220,0
DA:221,0
DA:225,0
DA:228,0
DA:229,0
DA:233,0
DA:235,0
DA:242,0
DA:244,0
DA:245,0
DA:248,0
DA:249,0
DA:269,0
DA:270,0
DA:271,0
DA:291,0
DA:292,0
DA:293,0
DA:295,0
DA:296,0
DA:297,0
DA:300,0
DA:301,0
DA:302,0
DA:305,0
DA:307,0
DA:316,0
DA:317,0
DA:319,0
DA:320,0
DA:322,0
DA:351,0
DA:352,0
DA:353,0
DA:355,0
DA:356,0
DA:357,0
DA:360,0
DA:361,0
DA:362,0
DA:365,0
DA:367,0
DA:389,0
DA:391,0
DA:416,0
DA:444,0
DA:446,0
LF:114
LH:0
BRDA:21,0,0,0
BRDA:28,1,0,0
BRDA:28,1,1,0
BRDA:33,2,0,0
BRDA:33,2,1,0
BRDA:38,3,0,0
BRDA:38,3,1,0
BRDA:43,4,0,0
BRDA:43,4,1,0
BRDA:48,5,0,0
BRDA:48,5,1,0
BRDA:53,6,0,0
BRDA:53,6,1,0
BRDA:58,7,0,0
BRDA:58,7,1,0
BRDA:63,8,0,0
BRDA:63,8,1,0
BRDA:75,9,0,0
BRDA:75,9,1,0
BRDA:76,10,0,0
BRDA:76,10,1,0
BRDA:77,11,0,0
BRDA:77,11,1,0
BRDA:78,12,0,0
BRDA:78,12,1,0
BRDA:120,13,0,0
BRDA:120,13,1,0
BRDA:123,14,0,0
BRDA:123,14,1,0
BRDA:126,15,0,0
BRDA:126,15,1,0
BRDA:199,16,0,0
BRDA:199,16,1,0
BRDA:204,17,0,0
BRDA:204,17,1,0
BRDA:209,18,0,0
BRDA:209,18,1,0
BRDA:214,19,0,0
BRDA:214,19,1,0
BRDA:219,20,0,0
BRDA:219,20,1,0
BRDA:228,21,0,0
BRDA:228,21,1,0
BRDA:244,22,0,0
BRDA:244,22,1,0
BRDA:271,23,0,0
BRDA:271,23,1,0
BRDA:295,24,0,0
BRDA:295,24,1,0
BRDA:300,25,0,0
BRDA:300,25,1,0
BRDA:305,26,0,0
BRDA:305,26,1,0
BRDA:355,27,0,0
BRDA:355,27,1,0
BRDA:360,28,0,0
BRDA:360,28,1,0
BRDA:365,29,0,0
BRDA:365,29,1,0
BRDA:372,30,0,0
BRDA:372,30,1,0
BRDA:373,31,0,0
BRDA:373,31,1,0
BRDA:393,32,0,0
BRDA:393,32,1,0
BRDA:394,33,0,0
BRDA:394,33,1,0
BRDA:395,34,0,0
BRDA:395,34,1,0
BRDA:409,35,0,0
BRF:70
BRH:0
end_of_record
TN:
SF:src/routes/analytics.routes.ts
FNF:0
FNH:0
DA:1,0
DA:2,0
DA:3,0
DA:4,0
DA:5,0
DA:7,0
DA:10,0
DA:11,0
DA:18,0
DA:25,0
DA:32,0
DA:39,0
DA:46,0
DA:53,0
DA:55,0
LF:15
LH:0
BRF:0
BRH:0
end_of_record
TN:
SF:src/routes/auth.routes.ts
FNF:0
FNH:0
DA:1,0
DA:2,0
DA:3,0
DA:4,0
DA:5,0
DA:6,0
DA:7,0
DA:9,0
DA:12,0
DA:19,0
DA:59,0
DA:83,0
DA:89,0
LF:13
LH:0
BRF:0
BRH:0
end_of_record
TN:
SF:src/routes/cache.routes.ts
FNF:0
FNH:0
DA:1,0
DA:2,0
DA:3,0
DA:4,0
DA:5,0
DA:7,0
DA:10,0
DA:11,0
DA:12,0
DA:19,0
DA:26,0
DA:33,0
DA:40,0
DA:47,0
DA:49,0
LF:15
LH:0
BRF:0
BRH:0
end_of_record
TN:
SF:src/routes/category.routes.ts
FNF:0
FNH:0
DA:1,0
DA:2,0
DA:3,0
DA:4,0
DA:5,0
DA:7,0
DA:14,0
DA:21,0
DA:37,0
DA:53,0
DA:86,0
DA:116,0
DA:128,0
LF:13
LH:0
BRF:0
BRH:0
end_of_record
TN:
SF:src/routes/transaction.routes.ts
FNF:0
FNH:0
DA:1,0
DA:2,0
DA:3,0
DA:10,0
DA:26,0
DA:30,0
DA:38,0
DA:46,0
DA:55,0
DA:64,0
DA:71,0
LF:11
LH:0
BRF:0
BRH:0
end_of_record
TN:
SF:src/routes/user.routes.ts
FNF:0
FNH:0
DA:1,0
DA:3,0
DA:10,0
LF:3
LH:0
BRF:0
BRH:0
end_of_record
TN:
SF:src/services/analytics.service.ts
FN:15,(anonymous_9)
FN:69,(anonymous_10)
FN:76,(anonymous_11)
FN:110,(anonymous_12)
FN:136,(anonymous_13)
FN:154,(anonymous_14)
FN:197,(anonymous_15)
FN:199,(anonymous_16)
FN:200,(anonymous_17)
FN:233,(anonymous_18)
FN:330,(anonymous_19)
FN:339,(anonymous_20)
FNF:12
FNH:0
FNDA:0,(anonymous_9)
FNDA:0,(anonymous_10)
FNDA:0,(anonymous_11)
FNDA:0,(anonymous_12)
FNDA:0,(anonymous_13)
FNDA:0,(anonymous_14)
FNDA:0,(anonymous_15)
FNDA:0,(anonymous_16)
FNDA:0,(anonymous_17)
FNDA:0,(anonymous_18)
FNDA:0,(anonymous_19)
FNDA:0,(anonymous_20)
DA:1,0
DA:2,0
DA:8,0
DA:38,0
DA:39,0
DA:41,0
DA:42,0
DA:46,0
DA:49,0
DA:52,0
DA:60,0
DA:68,0
DA:69,0
DA:76,0
DA:86,0
DA:88,0
DA:98,0
DA:100,0
DA:120,0
DA:121,0
DA:127,0
DA:128,0
DA:133,0
DA:136,0
DA:143,0
DA:145,0
DA:171,0
DA:172,0
DA:174,0
DA:175,0
DA:178,0
DA:181,0
DA:182,0
DA:190,0
DA:197,0
DA:199,0
DA:200,0
DA:201,0
DA:202,0
DA:203,0
DA:205,0
DA:215,0
DA:223,0
DA:225,0
DA:247,0
DA:248,0
DA:250,0
DA:251,0
DA:254,0
DA:255,0
DA:258,0
DA:264,0
DA:270,0
DA:271,0
DA:274,0
DA:275,0
DA:276,0
DA:284,0
DA:285,0
DA:292,0
DA:300,0
DA:308,0
DA:309,0
DA:310,0
DA:317,0
DA:320,0
DA:322,0
DA:331,0
DA:340,0
DA:342,0
DA:344,0
DA:350,0
DA:351,0
DA:352,0
DA:358,0
DA:365,0
LF:76
LH:0
BRDA:17,0,0,0
BRDA:41,1,0,0
BRDA:41,1,1,0
BRDA:71,2,0,0
BRDA:71,2,1,0
BRDA:74,3,0,0
BRDA:74,3,1,0
BRDA:78,4,0,0
BRDA:78,4,1,0
BRDA:81,5,0,0
BRDA:81,5,1,0
BRDA:113,6,0,0
BRDA:127,7,0,0
BRDA:127,7,1,0
BRDA:156,8,0,0
BRDA:174,9,0,0
BRDA:174,9,1,0
BRDA:201,10,0,0
BRDA:201,10,1,0
BRDA:250,11,0,0
BRDA:250,11,1,0
BRDA:274,12,0,0
BRDA:274,12,1,0
BRDA:284,13,0,0
BRDA:284,13,1,0
BRDA:309,14,0,0
BRDA:309,14,1,0
BRDA:309,15,0,0
BRDA:309,15,1,0
BRDA:311,16,0,0
BRDA:311,16,1,0
BRDA:342,17,0,0
BRDA:342,17,1,0
BRDA:342,17,2,0
BRDA:342,17,3,0
BRDA:342,17,4,0
BRF:36
BRH:0
end_of_record
TN:
SF:src/services/auth.service.ts
FN:15,(anonymous_1)
FN:31,(anonymous_2)
FN:81,(anonymous_3)
FN:99,(anonymous_4)
FN:118,(anonymous_5)
FNF:5
FNH:0
FNDA:0,(anonymous_1)
FNDA:0,(anonymous_2)
FNDA:0,(anonymous_3)
FNDA:0,(anonymous_4)
FNDA:0,(anonymous_5)
DA:1,0
DA:2,0
DA:3,0
DA:9,0
DA:17,0
DA:20,0
DA:22,0
DA:33,0
DA:36,0
DA:37,0
DA:41,0
DA:47,0
DA:48,0
DA:52,0
DA:62,0
DA:83,0
DA:86,0
DA:87,0
DA:91,0
DA:101,0
DA:108,0
DA:119,0
DA:120,0
DA:122,0
DA:128,0
LF:25
LH:0
BRDA:36,0,0,0
BRDA:36,0,1,0
BRDA:47,1,0,0
BRDA:47,1,1,0
BRDA:86,2,0,0
BRDA:86,2,1,0
BRF:6
BRH:0
end_of_record
TN:
SF:src/services/cache.service.ts
FN:39,(anonymous_1)
FN:52,(anonymous_2)
FN:66,(anonymous_3)
FN:78,(anonymous_4)
FN:98,(anonymous_5)
FN:107,(anonymous_6)
FN:119,(anonymous_7)
FN:129,(anonymous_8)
FN:138,(anonymous_9)
FN:146,(anonymous_10)
FNF:10
FNH:0
FNDA:0,(anonymous_1)
FNDA:0,(anonymous_2)
FNDA:0,(anonymous_3)
FNDA:0,(anonymous_4)
FNDA:0,(anonymous_5)
FNDA:0,(anonymous_6)
FNDA:0,(anonymous_7)
FNDA:0,(anonymous_8)
FNDA:0,(anonymous_9)
FNDA:0,(anonymous_10)
DA:1,0
DA:6,0
DA:22,0
DA:32,0
DA:40,0
DA:41,0
DA:43,0
DA:53,0
DA:54,0
DA:55,0
DA:57,0
DA:58,0
DA:67,0
DA:68,0
DA:70,0
DA:79,0
DA:81,0
DA:84,0
DA:85,0
DA:88,0
DA:99,0
DA:108,0
DA:120,0
DA:121,0
DA:130,0
DA:139,0
DA:147,0
DA:151,0
LF:28
LH:0
BRDA:39,0,0,0
BRDA:55,1,0,0
BRDA:55,1,1,0
BRDA:84,2,0,0
BRDA:84,2,1,0
BRDA:108,3,0,0
BRDA:108,3,1,0
BRDA:120,4,0,0
BRDA:120,4,1,0
BRF:9
BRH:0
end_of_record
TN:
SF:src/services/category.service.ts
FN:13,(anonymous_9)
FN:37,(anonymous_10)
FN:61,(anonymous_11)
FN:71,(anonymous_12)
FN:86,(anonymous_13)
FN:104,(anonymous_14)
FN:118,(anonymous_15)
FN:127,(anonymous_16)
FNF:8
FNH:0
FNDA:0,(anonymous_9)
FNDA:0,(anonymous_10)
FNDA:0,(anonymous_11)
FNDA:0,(anonymous_12)
FNDA:0,(anonymous_13)
FNDA:0,(anonymous_14)
FNDA:0,(anonymous_15)
FNDA:0,(anonymous_16)
DA:2,0
DA:3,0
DA:8,0
DA:15,0
DA:16,0
DA:18,0
DA:19,0
DA:23,0
DA:24,0
DA:27,0
DA:29,0
DA:39,0
DA:40,0
DA:42,0
DA:43,0
DA:47,0
DA:48,0
DA:51,0
DA:53,0
DA:62,0
DA:63,0
DA:72,0
DA:75,0
DA:77,0
DA:87,0
DA:89,0
DA:90,0
DA:94,0
DA:96,0
DA:105,0
DA:107,0
DA:109,0
DA:112,0
DA:119,0
DA:128,0
LF:35
LH:0
BRDA:18,0,0,0
BRDA:18,0,1,0
BRDA:42,1,0,0
BRDA:42,1,1,0
BRDA:63,2,0,0
BRDA:63,2,1,0
BRDA:89,3,0,0
BRDA:89,3,1,0
BRDA:107,4,0,0
BRDA:107,4,1,0
BRF:10
BRH:0
end_of_record
TN:
SF:src/services/db.service.ts
FNF:0
FNH:0
DA:1,0
DA:2,0
DA:5,0
DA:22,0
LF:4
LH:0
BRF:0
BRH:0
end_of_record
TN:
SF:src/services/enhanced-cache.service.ts
FN:35,(anonymous_1)
FN:36,(anonymous_2)
FN:38,(anonymous_3)
FN:40,(anonymous_4)
FN:42,(anonymous_5)
FN:44,(anonymous_6)
FN:59,(anonymous_7)
FN:73,(anonymous_8)
FN:117,(anonymous_9)
FN:156,(anonymous_10)
FN:162,(anonymous_11)
FN:182,(anonymous_12)
FN:191,(anonymous_13)
FN:210,(anonymous_14)
FN:222,(anonymous_15)
FN:235,(anonymous_16)
FN:269,(anonymous_17)
FN:276,(anonymous_18)
FN:291,(anonymous_19)
FN:317,(anonymous_20)
FN:334,(anonymous_21)
FN:347,(anonymous_22)
FN:360,(anonymous_23)
FN:372,(anonymous_24)
FNF:24
FNH:0
FNDA:0,(anonymous_1)
FNDA:0,(anonymous_2)
FNDA:0,(anonymous_3)
FNDA:0,(anonymous_4)
FNDA:0,(anonymous_5)
FNDA:0,(anonymous_6)
FNDA:0,(anonymous_7)
FNDA:0,(anonymous_8)
FNDA:0,(anonymous_9)
FNDA:0,(anonymous_10)
FNDA:0,(anonymous_11)
FNDA:0,(anonymous_12)
FNDA:0,(anonymous_13)
FNDA:0,(anonymous_14)
FNDA:0,(anonymous_15)
FNDA:0,(anonymous_16)
FNDA:0,(anonymous_17)
FNDA:0,(anonymous_18)
FNDA:0,(anonymous_19)
FNDA:0,(anonymous_20)
FNDA:0,(anonymous_21)
FNDA:0,(anonymous_22)
FNDA:0,(anonymous_23)
FNDA:0,(anonymous_24)
DA:1,0
DA:9,0
DA:34,0
DA:35,0
DA:37,0
DA:39,0
DA:41,0
DA:43,0
DA:45,0
DA:60,0
DA:82,0
DA:83,0
DA:85,0
DA:87,0
DA:88,0
DA:92,0
DA:94,0
DA:97,0
DA:98,0
DA:101,0
DA:109,0
DA:110,0
DA:118,0
DA:119,0
DA:121,0
DA:123,0
DA:124,0
DA:125,0
DA:126,0
DA:129,0
DA:130,0
DA:132,0
DA:135,0
DA:136,0
DA:140,0
DA:141,0
DA:143,0
DA:147,0
DA:148,0
DA:149,0
DA:157,0
DA:158,0
DA:160,0
DA:162,0
DA:163,0
DA:165,0
DA:166,0
DA:167,0
DA:170,0
DA:172,0
DA:173,0
DA:175,0
DA:180,0
DA:181,0
DA:182,0
DA:184,0
DA:192,0
DA:193,0
DA:194,0
DA:196,0
DA:197,0
DA:200,0
DA:202,0
DA:203,0
DA:211,0
DA:212,0
DA:214,0
DA:216,0
DA:217,0
DA:218,0
DA:219,0
DA:222,0
DA:223,0
DA:227,0
DA:228,0
DA:236,0
DA:237,0
DA:243,0
DA:244,0
DA:246,0
DA:249,0
DA:253,0
DA:254,0
DA:256,0
DA:258,0
DA:262,0
DA:270,0
DA:277,0
DA:297,0
DA:298,0
DA:299,0
DA:300,0
DA:302,0
DA:309,0
DA:310,0
DA:318,0
DA:326,0
DA:327,0
DA:335,0
DA:336,0
DA:337,0
DA:340,0
DA:348,0
DA:349,0
DA:350,0
DA:351,0
DA:353,0
DA:361,0
DA:362,0
DA:363,0
DA:373,0
DA:374,0
DA:379,0
LF:113
LH:0
BRDA:35,0,0,0
BRDA:36,1,0,0
BRDA:38,2,0,0
BRDA:40,3,0,0
BRDA:41,4,0,0
BRDA:41,4,1,0
BRDA:42,5,0,0
BRDA:44,6,0,0
BRDA:76,7,0,0
BRDA:77,8,0,0
BRDA:83,9,0,0
BRDA:83,10,0,0
BRDA:87,11,0,0
BRDA:87,11,1,0
BRDA:92,12,0,0
BRDA:92,12,1,0
BRDA:92,13,0,0
BRDA:92,13,1,0
BRDA:92,13,2,0
BRDA:104,14,0,0
BRDA:104,14,1,0
BRDA:123,15,0,0
BRDA:123,15,1,0
BRDA:135,16,0,0
BRDA:135,16,1,0
BRDA:135,17,0,0
BRDA:135,17,1,0
BRDA:158,18,0,0
BRDA:158,18,1,0
BRDA:165,19,0,0
BRDA:165,19,1,0
BRDA:193,20,0,0
BRDA:193,20,1,0
BRDA:214,21,0,0
BRDA:214,21,1,0
BRDA:246,22,0,0
BRDA:246,22,1,0
BRDA:256,23,0,0
BRDA:256,23,1,0
BRDA:351,24,0,0
BRDA:351,24,1,0
BRDA:373,25,0,0
BRDA:373,25,1,0
BRF:43
BRH:0
end_of_record
TN:
SF:src/services/redis.service.ts
FN:10,(anonymous_1)
FN:14,(anonymous_2)
FN:19,(anonymous_3)
FNF:3
FNH:0
FNDA:0,(anonymous_1)
FNDA:0,(anonymous_2)
FNDA:0,(anonymous_3)
DA:1,0
DA:2,0
DA:5,0
DA:10,0
DA:11,0
DA:14,0
DA:15,0
DA:19,0
DA:20,0
DA:21,0
DA:23,0
DA:27,0
LF:12
LH:0
BRDA:6,0,0,0
BRDA:6,0,1,0
BRF:2
BRH:0
end_of_record
TN:
SF:src/services/transaction.service.ts
FN:23,(anonymous_9)
FN:44,(anonymous_10)
FN:45,(anonymous_11)
FN:60,(anonymous_12)
FN:81,(anonymous_13)
FN:106,(anonymous_14)
FN:131,(anonymous_15)
FN:163,(anonymous_16)
FN:181,(anonymous_17)
FN:221,(anonymous_18)
FN:264,(anonymous_19)
FN:299,(anonymous_20)
FN:313,(anonymous_21)
FNF:13
FNH:0
FNDA:0,(anonymous_9)
FNDA:0,(anonymous_10)
FNDA:0,(anonymous_11)
FNDA:0,(anonymous_12)
FNDA:0,(anonymous_13)
FNDA:0,(anonymous_14)
FNDA:0,(anonymous_15)
FNDA:0,(anonymous_16)
FNDA:0,(anonymous_17)
FNDA:0,(anonymous_18)
FNDA:0,(anonymous_19)
FNDA:0,(anonymous_20)
FNDA:0,(anonymous_21)
DA:9,0
DA:10,0
DA:11,0
DA:16,0
DA:28,0
DA:30,0
DA:31,0
DA:32,0
DA:34,0
DA:35,0
DA:40,0
DA:43,0
DA:44,0
DA:45,0
DA:48,0
DA:50,0
DA:51,0
DA:52,0
DA:53,0
DA:54,0
DA:60,0
DA:61,0
DA:64,0
DA:67,0
DA:68,0
DA:69,0
DA:72,0
DA:82,0
DA:84,0
DA:85,0
DA:90,0
DA:91,0
DA:92,0
DA:93,0
DA:97,0
DA:107,0
DA:110,0
DA:114,0
DA:115,0
DA:116,0
DA:117,0
DA:121,0
DA:136,0
DA:138,0
DA:139,0
DA:143,0
DA:147,0
DA:148,0
DA:149,0
DA:150,0
DA:154,0
DA:164,0
DA:166,0
DA:168,0
DA:171,0
DA:192,0
DA:193,0
DA:200,0
DA:201,0
DA:205,0
DA:208,0
DA:210,0
DA:235,0
DA:236,0
DA:245,0
DA:246,0
DA:250,0
DA:253,0
DA:255,0
DA:274,0
DA:275,0
DA:282,0
DA:283,0
DA:287,0
DA:290,0
DA:292,0
DA:301,0
DA:304,0
DA:314,0
LF:79
LH:0
BRDA:25,0,0,0
BRDA:28,1,0,0
BRDA:28,1,1,0
BRDA:28,1,2,0
BRDA:30,2,0,0
BRDA:30,2,1,0
BRDA:34,3,0,0
BRDA:34,3,1,0
BRDA:50,4,0,0
BRDA:50,4,1,0
BRDA:53,5,0,0
BRDA:53,5,1,0
BRDA:61,6,0,0
BRDA:61,6,1,0
BRDA:67,7,0,0
BRDA:67,7,1,0
BRDA:84,8,0,0
BRDA:84,8,1,0
BRDA:90,9,0,0
BRDA:90,9,1,0
BRDA:92,10,0,0
BRDA:92,10,1,0
BRDA:114,11,0,0
BRDA:114,11,1,0
BRDA:116,12,0,0
BRDA:116,12,1,0
BRDA:138,13,0,0
BRDA:138,13,1,0
BRDA:147,14,0,0
BRDA:147,14,1,0
BRDA:149,15,0,0
BRDA:149,15,1,0
BRDA:166,16,0,0
BRDA:166,16,1,0
BRDA:192,17,0,0
BRDA:192,17,1,0
BRDA:192,18,0,0
BRDA:192,18,1,0
BRDA:200,19,0,0
BRDA:200,19,1,0
BRDA:235,20,0,0
BRDA:235,20,1,0
BRDA:235,21,0,0
BRDA:235,21,1,0
BRDA:245,22,0,0
BRDA:245,22,1,0
BRDA:266,23,0,0
BRDA:282,24,0,0
BRDA:282,24,1,0
BRF:49
BRH:0
end_of_record
TN:
SF:src/services/user.service.ts
FN:14,(anonymous_1)
FN:40,(anonymous_2)
FN:49,(anonymous_3)
FN:73,(anonymous_4)
FN:88,(anonymous_5)
FNF:5
FNH:4
FNDA:2,(anonymous_1)
FNDA:1,(anonymous_2)
FNDA:2,(anonymous_3)
FNDA:0,(anonymous_4)
FNDA:2,(anonymous_5)
DA:1,1
DA:2,1
DA:8,1
DA:16,2
DA:17,2
DA:20,2
DA:31,2
DA:41,1
DA:50,2
DA:52,2
DA:53,1
DA:56,1
DA:74,0
DA:76,0
DA:77,0
DA:80,0
DA:89,2
DA:101,1
LF:18
LH:14
BRDA:26,0,0,2
BRDA:26,0,1,1
BRDA:52,1,0,1
BRDA:52,1,1,1
BRDA:76,2,0,0
BRDA:76,2,1,0
BRF:6
BRH:4
end_of_record
TN:
SF:src/utils/errorHandler.ts
FN:7,(anonymous_0)
FN:18,(anonymous_1)
FN:19,(anonymous_2)
FNF:3
FNH:0
FNDA:0,(anonymous_0)
FNDA:0,(anonymous_1)
FNDA:0,(anonymous_2)
DA:4,0
DA:8,0
DA:9,0
DA:10,0
DA:11,0
DA:18,0
DA:19,0
DA:20,0
LF:8
LH:0
BRF:0
BRH:0
end_of_record
